[33mWARNING: Non existent mountpoint (directory) in container: '/var/singularity/mnt/final/export'
[0m[33mWARNING: Not mounting /tmp (already mounted in container)
[0m[33mWARNING: Could not chdir to home: /export/data1/condor/execute/dir_25374/tmp.JEyqO0wQOa/execute.18.12.8.4-25440/dir_3392
[0m[33mWARNING: Container does not have an exec helper script, calling '//tmp/runscript.sh' directly
[0m                   ???  ?????????????  ???????     ???????     ???????
           >=<     ???  ???????????????????????    ????????   ?????????
     ,.--'  ''-.   ??????????????????????   ???     ???????   ?????????
     (  )  ',_.'   ?????????????????? ???   ???     ???????   ?????????
      Xx'xX        ???  ?????????     ?????????    ????????????????????
     ~~~~~~~~~~~~  ???  ?????????      ???????     ??????? ??? ???????
                   Physics Division (c) Jefferson Lab (2017)
     
[EvioDataDictionary]---> loading bankdefs from directory : /jlab/2.3/Linux_CentOS7.5.1804-x86_64-gcc4.8.5/clas12/coatjava/bin/..//etc/bankdefs/clas12
[EvioDataDictionary]------> number of XML files located  : 22
[EvioDataDictionary]--> total number of descriptors found  : 109
[EvioDataDictionary]---> loading bankdefs from directory : /jlab/2.3/Linux_CentOS7.5.1804-x86_64-gcc4.8.5/clas12/coatjava/bin/..//etc/bankdefs/clas12
[EvioDataDictionary]------> number of XML files located  : 22
[EvioDataDictionary]--> total number of descriptors found  : 109
[EvioSource] ---> Factory loaded descriptor count : 109
                   ???  ?????????????  ???????     ???????     ???????
           >=<     ???  ???????????????????????    ????????   ?????????
     ,.--'  ''-.   ??????????????????????   ???     ???????   ?????????
     (  )  ',_.'   ?????????????????? ???   ???     ???????   ?????????
      Xx'xX        ???  ?????????     ?????????    ????????????????????
     ~~~~~~~~~~~~  ???  ?????????      ???????     ??????? ??? ???????
                   Physics Division (c) Jefferson Lab (2017)
     
